2025-08-01 19:00:35,527 - INFO - [+] Found 3 posts to potentially comment on.
2025-08-01 19:02:33,043 - INFO - [+] Found 4 posts to potentially comment on.
2025-08-01 19:04:17,656 - INFO - [+] Found 6 posts to potentially comment on.
2025-08-01 19:07:08,607 - INFO - [+] Found 5 posts to potentially comment on.
2025-08-01 19:09:11,500 - INFO - [+] Found 8 posts to potentially comment on.
2025-08-01 19:11:29,039 - INFO - [+] Found 7 posts to potentially comment on.
2025-08-01 19:13:59,316 - INFO - [+] Found 3 posts to potentially comment on.
2025-08-01 19:16:19,486 - INFO - [+] Found 5 posts to potentially comment on.
2025-08-01 19:50:57,294 - INFO - [+] Found 4 posts to potentially comment on.
2025-08-01 19:50:57,308 - WARNING - [!] Could not extract post ID. Skipping.
2025-08-01 19:50:57,316 - WARNING - [!] Could not extract post ID. Skipping.
2025-08-01 19:50:57,322 - WARNING - [!] Could not extract post ID. Skipping.
2025-08-01 19:50:57,329 - WARNING - [!] Could not extract post ID. Skipping.
2025-08-01 19:52:09,810 - INFO - [+] Found 6 posts to potentially comment on.
2025-08-01 19:52:09,819 - WARNING - [!] Could not extract post ID. Skipping.
2025-08-01 19:52:09,826 - WARNING - [!] Could not extract post ID. Skipping.
2025-08-01 19:52:09,834 - WARNING - [!] Could not extract post ID. Skipping.
2025-08-01 19:52:09,843 - WARNING - [!] Could not extract post ID. Skipping.
2025-08-01 19:52:09,851 - WARNING - [!] Could not extract post ID. Skipping.
2025-08-01 19:52:09,859 - WARNING - [!] Could not extract post ID. Skipping.
2025-08-01 19:53:39,518 - INFO - [+] Found 6 posts to potentially comment on.
2025-08-01 19:53:39,528 - WARNING - [!] Could not extract post ID. Skipping.
2025-08-01 19:53:39,534 - WARNING - [!] Could not extract post ID. Skipping.
2025-08-01 19:53:39,541 - WARNING - [!] Could not extract post ID. Skipping.
2025-08-01 19:53:39,553 - WARNING - [!] Could not extract post ID. Skipping.
2025-08-01 19:53:39,570 - WARNING - [!] Could not extract post ID. Skipping.
2025-08-01 19:53:39,601 - WARNING - [!] Could not extract post ID. Skipping.
2025-08-01 19:54:58,084 - INFO - [+] Found 4 posts to potentially comment on.
2025-08-01 19:54:58,094 - WARNING - [!] Could not extract post ID. Skipping.
2025-08-01 19:54:58,100 - WARNING - [!] Could not extract post ID. Skipping.
2025-08-01 19:54:58,106 - WARNING - [!] Could not extract post ID. Skipping.
2025-08-01 19:54:58,112 - WARNING - [!] Could not extract post ID. Skipping.
2025-08-01 19:56:28,298 - INFO - [+] Found 8 posts to potentially comment on.
2025-08-01 19:56:28,313 - WARNING - [!] Could not extract post ID. Skipping.
2025-08-01 19:56:28,322 - WARNING - [!] Could not extract post ID. Skipping.
2025-08-01 19:56:28,330 - WARNING - [!] Could not extract post ID. Skipping.
2025-08-01 19:56:28,338 - WARNING - [!] Could not extract post ID. Skipping.
2025-08-01 19:56:28,347 - WARNING - [!] Could not extract post ID. Skipping.
2025-08-01 19:56:28,355 - WARNING - [!] Could not extract post ID. Skipping.
2025-08-01 19:56:28,364 - WARNING - [!] Could not extract post ID. Skipping.
2025-08-01 19:56:28,372 - WARNING - [!] Could not extract post ID. Skipping.
2025-08-01 19:58:03,176 - INFO - [+] Found 6 posts to potentially comment on.
2025-08-01 19:58:03,186 - WARNING - [!] Could not extract post ID. Skipping.
2025-08-01 19:58:03,193 - WARNING - [!] Could not extract post ID. Skipping.
2025-08-01 19:58:03,199 - WARNING - [!] Could not extract post ID. Skipping.
2025-08-01 19:58:03,205 - WARNING - [!] Could not extract post ID. Skipping.
2025-08-01 19:58:03,211 - WARNING - [!] Could not extract post ID. Skipping.
2025-08-01 19:58:03,217 - WARNING - [!] Could not extract post ID. Skipping.
2025-08-01 19:59:07,664 - INFO - [+] Found 4 posts to potentially comment on.
2025-08-01 19:59:07,684 - WARNING - [!] Could not extract post ID. Skipping.
2025-08-01 19:59:07,697 - WARNING - [!] Could not extract post ID. Skipping.
2025-08-01 19:59:07,713 - WARNING - [!] Could not extract post ID. Skipping.
2025-08-01 19:59:07,727 - WARNING - [!] Could not extract post ID. Skipping.
2025-08-01 20:00:01,177 - INFO - [+] Found 8 posts to potentially comment on.
2025-08-01 20:00:01,185 - WARNING - [!] Could not extract post ID. Skipping.
2025-08-01 20:00:01,190 - WARNING - [!] Could not extract post ID. Skipping.
2025-08-01 20:00:01,197 - WARNING - [!] Could not extract post ID. Skipping.
2025-08-01 20:00:01,205 - WARNING - [!] Could not extract post ID. Skipping.
2025-08-01 20:00:01,211 - WARNING - [!] Could not extract post ID. Skipping.
2025-08-01 20:00:01,216 - WARNING - [!] Could not extract post ID. Skipping.
2025-08-01 20:00:01,223 - WARNING - [!] Could not extract post ID. Skipping.
2025-08-01 20:00:01,229 - WARNING - [!] Could not extract post ID. Skipping.
2025-08-01 20:12:53,561 - INFO - [+] Found 4 posts to potentially comment on.
2025-08-01 20:14:15,428 - INFO - [+] Found 6 posts to potentially comment on.
2025-08-01 20:15:11,617 - INFO - [+] Found 6 posts to potentially comment on.
2025-08-01 20:15:51,445 - INFO - [+] Found 4 posts to potentially comment on.
2025-08-01 20:16:26,124 - INFO - [+] Found 10 posts to potentially comment on.
2025-08-01 20:17:21,435 - INFO - [+] Found 5 posts to potentially comment on.
2025-08-01 20:17:56,776 - INFO - [+] Found 4 posts to potentially comment on.
2025-08-01 20:18:51,067 - INFO - [+] Found 8 posts to potentially comment on.
2025-08-01 20:19:27,202 - INFO - [+] Found 3 posts to potentially comment on.
2025-08-01 20:20:58,274 - INFO - [+] Found 4 posts to potentially comment on.
2025-08-01 20:21:33,842 - INFO - [+] Found 2 posts to potentially comment on.
2025-08-01 20:22:30,653 - INFO - [+] Found 2 posts to potentially comment on.
2025-08-01 20:23:28,965 - INFO - [+] Found 2 posts to potentially comment on.
2025-08-01 20:24:33,386 - INFO - [+] Found 2 posts to potentially comment on.
2025-08-01 20:25:36,279 - INFO - [+] Found 3 posts to potentially comment on.
2025-08-01 20:27:16,140 - INFO - [🟢] Starting for retreat-scrap-envy@duck.com
2025-08-01 20:27:16,141 - INFO - [📊] Today’s comment count for retreat-scrap-envy@duck.com: 0
2025-08-01 20:27:16,167 - INFO - [→] Visiting group: https://web.facebook.com/groups/237442777937027/
2025-08-01 20:27:27,306 - INFO - [↓] Scrolling to load posts...
2025-08-01 20:27:43,664 - INFO - [😴] Taking a short human-like break...
2025-08-01 20:27:59,106 - INFO - [+] Found 4 posts.
2025-08-01 20:27:59,317 - WARNING - [!] Could not extract post ID. Skipping.
2025-08-01 20:27:59,323 - WARNING - [!] Could not extract post ID. Skipping.
2025-08-01 20:27:59,329 - WARNING - [!] Could not extract post ID. Skipping.
2025-08-01 20:27:59,334 - WARNING - [!] Could not extract post ID. Skipping.
2025-08-01 20:28:09,335 - INFO - [→] Visiting group: https://web.facebook.com/groups/516058958574580/
2025-08-01 20:28:18,242 - INFO - [↓] Scrolling to load posts...
2025-08-01 20:35:40,663 - INFO - [🟢] Starting for retreat-scrap-envy@duck.com
2025-08-01 20:35:40,664 - INFO - [📊] Today’s comment count for retreat-scrap-envy@duck.com: 0
2025-08-01 20:35:40,665 - INFO - [→] Visiting group: https://web.facebook.com/groups/237442777937027/
2025-08-01 20:35:48,674 - INFO - [↓] Scrolling to load posts...
2025-08-01 20:35:56,751 - INFO - [😴] Taking a short human-like break...
2025-08-01 20:36:28,767 - INFO - [+] Found 4 posts.
2025-08-01 20:36:34,013 - WARNING - [!] Could not extract post ID from URL. Skipping.
2025-08-01 20:36:39,644 - WARNING - [!] Error commenting: format_comment_with_tag() missing 2 required positional arguments: 'tag' and 'template_choice'
2025-08-01 20:36:39,857 - WARNING - [!] Error commenting: Message: no such element: Unable to locate element: {"method":"xpath","selector":".//a[contains(@href, '/posts/') or contains(@href, '/permalink/') or contains(@href, 'fbid=')]"}
  (Session info: chrome=138.0.7204.169); For documentation on this error, please visit: https://www.selenium.dev/documentation/webdriver/troubleshooting/errors#no-such-element-exception
Stacktrace:
	GetHandleVerifier [0x0x7ff6b282e415+77285]
	GetHandleVerifier [0x0x7ff6b282e470+77376]
	(No symbol) [0x0x7ff6b25f9a6a]
	(No symbol) [0x0x7ff6b2650406]
	(No symbol) [0x0x7ff6b26506bc]
	(No symbol) [0x0x7ff6b2642e3c]
	(No symbol) [0x0x7ff6b267864f]
	(No symbol) [0x0x7ff6b2642d06]
	(No symbol) [0x0x7ff6b2678820]
	(No symbol) [0x0x7ff6b26a087f]
	(No symbol) [0x0x7ff6b26783e3]
	(No symbol) [0x0x7ff6b2641521]
	(No symbol) [0x0x7ff6b26422b3]
	GetHandleVerifier [0x0x7ff6b2b11efd+3107021]
	GetHandleVerifier [0x0x7ff6b2b0c29d+3083373]
	GetHandleVerifier [0x0x7ff6b2b2bedd+3213485]
	GetHandleVerifier [0x0x7ff6b284884e+184862]
	GetHandleVerifier [0x0x7ff6b285055f+216879]
	GetHandleVerifier [0x0x7ff6b2837084+113236]
	GetHandleVerifier [0x0x7ff6b2837239+113673]
	GetHandleVerifier [0x0x7ff6b281e298+11368]
	BaseThreadInitThunk [0x0x7ffb81f17374+20]
	RtlUserThreadStart [0x0x7ffb8205cc91+33]

2025-08-01 20:36:40,050 - WARNING - [!] Error commenting: Message: no such element: element not found
  (Session info: chrome=138.0.7204.169); For documentation on this error, please visit: https://www.selenium.dev/documentation/webdriver/troubleshooting/errors#no-such-element-exception
Stacktrace:
	GetHandleVerifier [0x0x7ff6b282e415+77285]
	GetHandleVerifier [0x0x7ff6b282e470+77376]
	(No symbol) [0x0x7ff6b25f9a6a]
	(No symbol) [0x0x7ff6b260fec4]
	(No symbol) [0x0x7ff6b260e9a3]
	(No symbol) [0x0x7ff6b2602181]
	(No symbol) [0x0x7ff6b260002f]
	(No symbol) [0x0x7ff6b26044cc]
	(No symbol) [0x0x7ff6b260459f]
	(No symbol) [0x0x7ff6b264fcb7]
	(No symbol) [0x0x7ff6b26506bc]
	(No symbol) [0x0x7ff6b2642e3c]
	(No symbol) [0x0x7ff6b267864f]
	(No symbol) [0x0x7ff6b2642d06]
	(No symbol) [0x0x7ff6b2678820]
	(No symbol) [0x0x7ff6b26a087f]
	(No symbol) [0x0x7ff6b26783e3]
	(No symbol) [0x0x7ff6b2641521]
	(No symbol) [0x0x7ff6b26422b3]
	GetHandleVerifier [0x0x7ff6b2b11efd+3107021]
	GetHandleVerifier [0x0x7ff6b2b0c29d+3083373]
	GetHandleVerifier [0x0x7ff6b2b2bedd+3213485]
	GetHandleVerifier [0x0x7ff6b284884e+184862]
	GetHandleVerifier [0x0x7ff6b285055f+216879]
	GetHandleVerifier [0x0x7ff6b2837084+113236]
	GetHandleVerifier [0x0x7ff6b2837239+113673]
	GetHandleVerifier [0x0x7ff6b281e298+11368]
	BaseThreadInitThunk [0x0x7ffb81f17374+20]
	RtlUserThreadStart [0x0x7ffb8205cc91+33]

2025-08-01 20:36:50,054 - INFO - [→] Visiting group: https://web.facebook.com/groups/516058958574580/
2025-08-01 20:36:59,192 - INFO - [↓] Scrolling to load posts...
2025-08-01 20:37:08,497 - INFO - [😴] Taking a short human-like break...
2025-08-01 20:37:43,392 - INFO - [+] Found 6 posts.
2025-08-01 20:37:48,520 - WARNING - [!] Error commenting: format_comment_with_tag() missing 2 required positional arguments: 'tag' and 'template_choice'
2025-08-01 20:37:53,826 - WARNING - [!] Error commenting: format_comment_with_tag() missing 2 required positional arguments: 'tag' and 'template_choice'
2025-08-01 20:38:00,591 - WARNING - [!] Error commenting: format_comment_with_tag() missing 2 required positional arguments: 'tag' and 'template_choice'
2025-08-01 20:38:08,066 - WARNING - [!] Error commenting: format_comment_with_tag() missing 2 required positional arguments: 'tag' and 'template_choice'
2025-08-01 20:38:08,418 - WARNING - [!] Error commenting: Message: no such element: Unable to locate element: {"method":"xpath","selector":".//a[contains(@href, '/posts/') or contains(@href, '/permalink/') or contains(@href, 'fbid=')]"}
  (Session info: chrome=138.0.7204.169); For documentation on this error, please visit: https://www.selenium.dev/documentation/webdriver/troubleshooting/errors#no-such-element-exception
Stacktrace:
	GetHandleVerifier [0x0x7ff6b282e415+77285]
	GetHandleVerifier [0x0x7ff6b282e470+77376]
	(No symbol) [0x0x7ff6b25f9a6a]
	(No symbol) [0x0x7ff6b2650406]
	(No symbol) [0x0x7ff6b26506bc]
	(No symbol) [0x0x7ff6b2642e3c]
	(No symbol) [0x0x7ff6b267864f]
	(No symbol) [0x0x7ff6b2642d06]
	(No symbol) [0x0x7ff6b2678820]
	(No symbol) [0x0x7ff6b26a087f]
	(No symbol) [0x0x7ff6b26783e3]
	(No symbol) [0x0x7ff6b2641521]
	(No symbol) [0x0x7ff6b26422b3]
	GetHandleVerifier [0x0x7ff6b2b11efd+3107021]
	GetHandleVerifier [0x0x7ff6b2b0c29d+3083373]
	GetHandleVerifier [0x0x7ff6b2b2bedd+3213485]
	GetHandleVerifier [0x0x7ff6b284884e+184862]
	GetHandleVerifier [0x0x7ff6b285055f+216879]
	GetHandleVerifier [0x0x7ff6b2837084+113236]
	GetHandleVerifier [0x0x7ff6b2837239+113673]
	GetHandleVerifier [0x0x7ff6b281e298+11368]
	BaseThreadInitThunk [0x0x7ffb81f17374+20]
	RtlUserThreadStart [0x0x7ffb8205cc91+33]

2025-08-01 20:38:08,448 - WARNING - [!] Error commenting: Message: no such element: Unable to locate element: {"method":"xpath","selector":".//a[contains(@href, '/posts/') or contains(@href, '/permalink/') or contains(@href, 'fbid=')]"}
  (Session info: chrome=138.0.7204.169); For documentation on this error, please visit: https://www.selenium.dev/documentation/webdriver/troubleshooting/errors#no-such-element-exception
Stacktrace:
	GetHandleVerifier [0x0x7ff6b282e415+77285]
	GetHandleVerifier [0x0x7ff6b282e470+77376]
	(No symbol) [0x0x7ff6b25f9a6a]
	(No symbol) [0x0x7ff6b2650406]
	(No symbol) [0x0x7ff6b26506bc]
	(No symbol) [0x0x7ff6b2642e3c]
	(No symbol) [0x0x7ff6b267864f]
	(No symbol) [0x0x7ff6b2642d06]
	(No symbol) [0x0x7ff6b2678820]
	(No symbol) [0x0x7ff6b26a087f]
	(No symbol) [0x0x7ff6b26783e3]
	(No symbol) [0x0x7ff6b2641521]
	(No symbol) [0x0x7ff6b26422b3]
	GetHandleVerifier [0x0x7ff6b2b11efd+3107021]
	GetHandleVerifier [0x0x7ff6b2b0c29d+3083373]
	GetHandleVerifier [0x0x7ff6b2b2bedd+3213485]
	GetHandleVerifier [0x0x7ff6b284884e+184862]
	GetHandleVerifier [0x0x7ff6b285055f+216879]
	GetHandleVerifier [0x0x7ff6b2837084+113236]
	GetHandleVerifier [0x0x7ff6b2837239+113673]
	GetHandleVerifier [0x0x7ff6b281e298+11368]
	BaseThreadInitThunk [0x0x7ffb81f17374+20]
	RtlUserThreadStart [0x0x7ffb8205cc91+33]

2025-08-01 20:38:18,455 - INFO - [→] Visiting group: https://web.facebook.com/groups/839203350956232/
2025-08-01 20:38:27,536 - INFO - [↓] Scrolling to load posts...
2025-08-01 20:38:30,330 - INFO - [😴] Taking a short human-like break...
2025-08-01 20:39:02,735 - INFO - [😴] Taking a short human-like break...
2025-08-01 20:39:18,321 - INFO - [+] Found 6 posts.
2025-08-01 20:39:24,478 - WARNING - [!] Error commenting: format_comment_with_tag() missing 2 required positional arguments: 'tag' and 'template_choice'
2025-08-01 20:39:24,709 - WARNING - [!] Error commenting: Message: no such element: Unable to locate element: {"method":"xpath","selector":".//a[contains(@href, '/posts/') or contains(@href, '/permalink/') or contains(@href, 'fbid=')]"}
  (Session info: chrome=138.0.7204.169); For documentation on this error, please visit: https://www.selenium.dev/documentation/webdriver/troubleshooting/errors#no-such-element-exception
Stacktrace:
	GetHandleVerifier [0x0x7ff6b282e415+77285]
	GetHandleVerifier [0x0x7ff6b282e470+77376]
	(No symbol) [0x0x7ff6b25f9a6a]
	(No symbol) [0x0x7ff6b2650406]
	(No symbol) [0x0x7ff6b26506bc]
	(No symbol) [0x0x7ff6b2642e3c]
	(No symbol) [0x0x7ff6b267864f]
	(No symbol) [0x0x7ff6b2642d06]
	(No symbol) [0x0x7ff6b2678820]
	(No symbol) [0x0x7ff6b26a087f]
	(No symbol) [0x0x7ff6b26783e3]
	(No symbol) [0x0x7ff6b2641521]
	(No symbol) [0x0x7ff6b26422b3]
	GetHandleVerifier [0x0x7ff6b2b11efd+3107021]
	GetHandleVerifier [0x0x7ff6b2b0c29d+3083373]
	GetHandleVerifier [0x0x7ff6b2b2bedd+3213485]
	GetHandleVerifier [0x0x7ff6b284884e+184862]
	GetHandleVerifier [0x0x7ff6b285055f+216879]
	GetHandleVerifier [0x0x7ff6b2837084+113236]
	GetHandleVerifier [0x0x7ff6b2837239+113673]
	GetHandleVerifier [0x0x7ff6b281e298+11368]
	BaseThreadInitThunk [0x0x7ffb81f17374+20]
	RtlUserThreadStart [0x0x7ffb8205cc91+33]

2025-08-01 20:39:29,912 - WARNING - [!] Error commenting: format_comment_with_tag() missing 2 required positional arguments: 'tag' and 'template_choice'
2025-08-01 20:39:36,129 - WARNING - [!] Error commenting: format_comment_with_tag() missing 2 required positional arguments: 'tag' and 'template_choice'
2025-08-01 20:39:36,993 - WARNING - [!] Error commenting: Message: no such element: Unable to locate element: {"method":"xpath","selector":".//a[contains(@href, '/posts/') or contains(@href, '/permalink/') or contains(@href, 'fbid=')]"}
  (Session info: chrome=138.0.7204.169); For documentation on this error, please visit: https://www.selenium.dev/documentation/webdriver/troubleshooting/errors#no-such-element-exception
Stacktrace:
	GetHandleVerifier [0x0x7ff6b282e415+77285]
	GetHandleVerifier [0x0x7ff6b282e470+77376]
	(No symbol) [0x0x7ff6b25f9a6a]
	(No symbol) [0x0x7ff6b2650406]
	(No symbol) [0x0x7ff6b26506bc]
	(No symbol) [0x0x7ff6b2642e3c]
	(No symbol) [0x0x7ff6b267864f]
	(No symbol) [0x0x7ff6b2642d06]
	(No symbol) [0x0x7ff6b2678820]
	(No symbol) [0x0x7ff6b26a087f]
	(No symbol) [0x0x7ff6b26783e3]
	(No symbol) [0x0x7ff6b2641521]
	(No symbol) [0x0x7ff6b26422b3]
	GetHandleVerifier [0x0x7ff6b2b11efd+3107021]
	GetHandleVerifier [0x0x7ff6b2b0c29d+3083373]
	GetHandleVerifier [0x0x7ff6b2b2bedd+3213485]
	GetHandleVerifier [0x0x7ff6b284884e+184862]
	GetHandleVerifier [0x0x7ff6b285055f+216879]
	GetHandleVerifier [0x0x7ff6b2837084+113236]
	GetHandleVerifier [0x0x7ff6b2837239+113673]
	GetHandleVerifier [0x0x7ff6b281e298+11368]
	BaseThreadInitThunk [0x0x7ffb81f17374+20]
	RtlUserThreadStart [0x0x7ffb8205cc91+33]

2025-08-01 20:39:37,021 - WARNING - [!] Error commenting: Message: no such element: Unable to locate element: {"method":"xpath","selector":".//a[contains(@href, '/posts/') or contains(@href, '/permalink/') or contains(@href, 'fbid=')]"}
  (Session info: chrome=138.0.7204.169); For documentation on this error, please visit: https://www.selenium.dev/documentation/webdriver/troubleshooting/errors#no-such-element-exception
Stacktrace:
	GetHandleVerifier [0x0x7ff6b282e415+77285]
	GetHandleVerifier [0x0x7ff6b282e470+77376]
	(No symbol) [0x0x7ff6b25f9a6a]
	(No symbol) [0x0x7ff6b2650406]
	(No symbol) [0x0x7ff6b26506bc]
	(No symbol) [0x0x7ff6b2642e3c]
	(No symbol) [0x0x7ff6b267864f]
	(No symbol) [0x0x7ff6b2642d06]
	(No symbol) [0x0x7ff6b2678820]
	(No symbol) [0x0x7ff6b26a087f]
	(No symbol) [0x0x7ff6b26783e3]
	(No symbol) [0x0x7ff6b2641521]
	(No symbol) [0x0x7ff6b26422b3]
	GetHandleVerifier [0x0x7ff6b2b11efd+3107021]
	GetHandleVerifier [0x0x7ff6b2b0c29d+3083373]
	GetHandleVerifier [0x0x7ff6b2b2bedd+3213485]
	GetHandleVerifier [0x0x7ff6b284884e+184862]
	GetHandleVerifier [0x0x7ff6b285055f+216879]
	GetHandleVerifier [0x0x7ff6b2837084+113236]
	GetHandleVerifier [0x0x7ff6b2837239+113673]
	GetHandleVerifier [0x0x7ff6b281e298+11368]
	BaseThreadInitThunk [0x0x7ffb81f17374+20]
	RtlUserThreadStart [0x0x7ffb8205cc91+33]

2025-08-01 20:39:47,029 - INFO - [→] Visiting group: https://web.facebook.com/groups/215512159649746/
2025-08-01 20:39:55,085 - INFO - [↓] Scrolling to load posts...
2025-08-01 20:40:01,477 - INFO - [😴] Taking a short human-like break...
2025-08-01 20:40:34,045 - INFO - [😴] Taking a short human-like break...
2025-08-01 20:40:54,991 - INFO - [+] Found 2 posts.
2025-08-01 20:40:55,018 - WARNING - [!] Error commenting: Message: no such element: Unable to locate element: {"method":"xpath","selector":".//a[contains(@href, '/posts/') or contains(@href, '/permalink/') or contains(@href, 'fbid=')]"}
  (Session info: chrome=138.0.7204.169); For documentation on this error, please visit: https://www.selenium.dev/documentation/webdriver/troubleshooting/errors#no-such-element-exception
Stacktrace:
	GetHandleVerifier [0x0x7ff6b282e415+77285]
	GetHandleVerifier [0x0x7ff6b282e470+77376]
	(No symbol) [0x0x7ff6b25f9a6a]
	(No symbol) [0x0x7ff6b2650406]
	(No symbol) [0x0x7ff6b26506bc]
	(No symbol) [0x0x7ff6b2642e3c]
	(No symbol) [0x0x7ff6b267864f]
	(No symbol) [0x0x7ff6b2642d06]
	(No symbol) [0x0x7ff6b2678820]
	(No symbol) [0x0x7ff6b26a087f]
	(No symbol) [0x0x7ff6b26783e3]
	(No symbol) [0x0x7ff6b2641521]
	(No symbol) [0x0x7ff6b26422b3]
	GetHandleVerifier [0x0x7ff6b2b11efd+3107021]
	GetHandleVerifier [0x0x7ff6b2b0c29d+3083373]
	GetHandleVerifier [0x0x7ff6b2b2bedd+3213485]
	GetHandleVerifier [0x0x7ff6b284884e+184862]
	GetHandleVerifier [0x0x7ff6b285055f+216879]
	GetHandleVerifier [0x0x7ff6b2837084+113236]
	GetHandleVerifier [0x0x7ff6b2837239+113673]
	GetHandleVerifier [0x0x7ff6b281e298+11368]
	BaseThreadInitThunk [0x0x7ffb81f17374+20]
	RtlUserThreadStart [0x0x7ffb8205cc91+33]

2025-08-01 20:40:55,039 - WARNING - [!] Error commenting: Message: no such element: Unable to locate element: {"method":"xpath","selector":".//a[contains(@href, '/posts/') or contains(@href, '/permalink/') or contains(@href, 'fbid=')]"}
  (Session info: chrome=138.0.7204.169); For documentation on this error, please visit: https://www.selenium.dev/documentation/webdriver/troubleshooting/errors#no-such-element-exception
Stacktrace:
	GetHandleVerifier [0x0x7ff6b282e415+77285]
	GetHandleVerifier [0x0x7ff6b282e470+77376]
	(No symbol) [0x0x7ff6b25f9a6a]
	(No symbol) [0x0x7ff6b2650406]
	(No symbol) [0x0x7ff6b26506bc]
	(No symbol) [0x0x7ff6b2642e3c]
	(No symbol) [0x0x7ff6b267864f]
	(No symbol) [0x0x7ff6b2642d06]
	(No symbol) [0x0x7ff6b2678820]
	(No symbol) [0x0x7ff6b26a087f]
	(No symbol) [0x0x7ff6b26783e3]
	(No symbol) [0x0x7ff6b2641521]
	(No symbol) [0x0x7ff6b26422b3]
	GetHandleVerifier [0x0x7ff6b2b11efd+3107021]
	GetHandleVerifier [0x0x7ff6b2b0c29d+3083373]
	GetHandleVerifier [0x0x7ff6b2b2bedd+3213485]
	GetHandleVerifier [0x0x7ff6b284884e+184862]
	GetHandleVerifier [0x0x7ff6b285055f+216879]
	GetHandleVerifier [0x0x7ff6b2837084+113236]
	GetHandleVerifier [0x0x7ff6b2837239+113673]
	GetHandleVerifier [0x0x7ff6b281e298+11368]
	BaseThreadInitThunk [0x0x7ffb81f17374+20]
	RtlUserThreadStart [0x0x7ffb8205cc91+33]

2025-08-01 20:41:05,047 - INFO - [→] Visiting group: https://web.facebook.com/groups/588775129065193/
2025-08-01 20:41:13,754 - INFO - [↓] Scrolling to load posts...
2025-08-01 20:41:30,333 - INFO - [+] Found 8 posts.
2025-08-01 20:41:35,875 - WARNING - [!] Error commenting: format_comment_with_tag() missing 2 required positional arguments: 'tag' and 'template_choice'
2025-08-01 20:41:41,060 - WARNING - [!] Error commenting: format_comment_with_tag() missing 2 required positional arguments: 'tag' and 'template_choice'
2025-08-01 20:41:46,295 - WARNING - [!] Error commenting: format_comment_with_tag() missing 2 required positional arguments: 'tag' and 'template_choice'
2025-08-01 20:41:51,615 - WARNING - [!] Error commenting: format_comment_with_tag() missing 2 required positional arguments: 'tag' and 'template_choice'
2025-08-01 20:41:57,031 - WARNING - [!] Error commenting: format_comment_with_tag() missing 2 required positional arguments: 'tag' and 'template_choice'
2025-08-01 20:42:03,252 - WARNING - [!] Error commenting: format_comment_with_tag() missing 2 required positional arguments: 'tag' and 'template_choice'
2025-08-01 20:42:03,435 - WARNING - [!] Error commenting: Message: no such element: Unable to locate element: {"method":"xpath","selector":".//a[contains(@href, '/posts/') or contains(@href, '/permalink/') or contains(@href, 'fbid=')]"}
  (Session info: chrome=138.0.7204.169); For documentation on this error, please visit: https://www.selenium.dev/documentation/webdriver/troubleshooting/errors#no-such-element-exception
Stacktrace:
	GetHandleVerifier [0x0x7ff6b282e415+77285]
	GetHandleVerifier [0x0x7ff6b282e470+77376]
	(No symbol) [0x0x7ff6b25f9a6a]
	(No symbol) [0x0x7ff6b2650406]
	(No symbol) [0x0x7ff6b26506bc]
	(No symbol) [0x0x7ff6b2642e3c]
	(No symbol) [0x0x7ff6b267864f]
	(No symbol) [0x0x7ff6b2642d06]
	(No symbol) [0x0x7ff6b2678820]
	(No symbol) [0x0x7ff6b26a087f]
	(No symbol) [0x0x7ff6b26783e3]
	(No symbol) [0x0x7ff6b2641521]
	(No symbol) [0x0x7ff6b26422b3]
	GetHandleVerifier [0x0x7ff6b2b11efd+3107021]
	GetHandleVerifier [0x0x7ff6b2b0c29d+3083373]
	GetHandleVerifier [0x0x7ff6b2b2bedd+3213485]
	GetHandleVerifier [0x0x7ff6b284884e+184862]
	GetHandleVerifier [0x0x7ff6b285055f+216879]
	GetHandleVerifier [0x0x7ff6b2837084+113236]
	GetHandleVerifier [0x0x7ff6b2837239+113673]
	GetHandleVerifier [0x0x7ff6b281e298+11368]
	BaseThreadInitThunk [0x0x7ffb81f17374+20]
	RtlUserThreadStart [0x0x7ffb8205cc91+33]

2025-08-01 20:42:03,456 - WARNING - [!] Error commenting: Message: no such element: Unable to locate element: {"method":"xpath","selector":".//a[contains(@href, '/posts/') or contains(@href, '/permalink/') or contains(@href, 'fbid=')]"}
  (Session info: chrome=138.0.7204.169); For documentation on this error, please visit: https://www.selenium.dev/documentation/webdriver/troubleshooting/errors#no-such-element-exception
Stacktrace:
	GetHandleVerifier [0x0x7ff6b282e415+77285]
	GetHandleVerifier [0x0x7ff6b282e470+77376]
	(No symbol) [0x0x7ff6b25f9a6a]
	(No symbol) [0x0x7ff6b2650406]
	(No symbol) [0x0x7ff6b26506bc]
	(No symbol) [0x0x7ff6b2642e3c]
	(No symbol) [0x0x7ff6b267864f]
	(No symbol) [0x0x7ff6b2642d06]
	(No symbol) [0x0x7ff6b2678820]
	(No symbol) [0x0x7ff6b26a087f]
	(No symbol) [0x0x7ff6b26783e3]
	(No symbol) [0x0x7ff6b2641521]
	(No symbol) [0x0x7ff6b26422b3]
	GetHandleVerifier [0x0x7ff6b2b11efd+3107021]
	GetHandleVerifier [0x0x7ff6b2b0c29d+3083373]
	GetHandleVerifier [0x0x7ff6b2b2bedd+3213485]
	GetHandleVerifier [0x0x7ff6b284884e+184862]
	GetHandleVerifier [0x0x7ff6b285055f+216879]
	GetHandleVerifier [0x0x7ff6b2837084+113236]
	GetHandleVerifier [0x0x7ff6b2837239+113673]
	GetHandleVerifier [0x0x7ff6b281e298+11368]
	BaseThreadInitThunk [0x0x7ffb81f17374+20]
	RtlUserThreadStart [0x0x7ffb8205cc91+33]

2025-08-01 20:42:13,465 - INFO - [→] Visiting group: https://web.facebook.com/groups/289290791181859/
2025-08-01 20:42:22,362 - INFO - [↓] Scrolling to load posts...
2025-08-01 20:42:41,140 - INFO - [+] Found 5 posts.
2025-08-01 20:42:46,270 - WARNING - [!] Error commenting: format_comment_with_tag() missing 2 required positional arguments: 'tag' and 'template_choice'
2025-08-01 20:42:51,702 - WARNING - [!] Error commenting: format_comment_with_tag() missing 2 required positional arguments: 'tag' and 'template_choice'
2025-08-01 20:42:56,977 - WARNING - [!] Error commenting: format_comment_with_tag() missing 2 required positional arguments: 'tag' and 'template_choice'
2025-08-01 20:42:57,124 - WARNING - [!] Error commenting: Message: no such element: Unable to locate element: {"method":"xpath","selector":".//a[contains(@href, '/posts/') or contains(@href, '/permalink/') or contains(@href, 'fbid=')]"}
  (Session info: chrome=138.0.7204.169); For documentation on this error, please visit: https://www.selenium.dev/documentation/webdriver/troubleshooting/errors#no-such-element-exception
Stacktrace:
	GetHandleVerifier [0x0x7ff6b282e415+77285]
	GetHandleVerifier [0x0x7ff6b282e470+77376]
	(No symbol) [0x0x7ff6b25f9a6a]
	(No symbol) [0x0x7ff6b2650406]
	(No symbol) [0x0x7ff6b26506bc]
	(No symbol) [0x0x7ff6b2642e3c]
	(No symbol) [0x0x7ff6b267864f]
	(No symbol) [0x0x7ff6b2642d06]
	(No symbol) [0x0x7ff6b2678820]
	(No symbol) [0x0x7ff6b26a087f]
	(No symbol) [0x0x7ff6b26783e3]
	(No symbol) [0x0x7ff6b2641521]
	(No symbol) [0x0x7ff6b26422b3]
	GetHandleVerifier [0x0x7ff6b2b11efd+3107021]
	GetHandleVerifier [0x0x7ff6b2b0c29d+3083373]
	GetHandleVerifier [0x0x7ff6b2b2bedd+3213485]
	GetHandleVerifier [0x0x7ff6b284884e+184862]
	GetHandleVerifier [0x0x7ff6b285055f+216879]
	GetHandleVerifier [0x0x7ff6b2837084+113236]
	GetHandleVerifier [0x0x7ff6b2837239+113673]
	GetHandleVerifier [0x0x7ff6b281e298+11368]
	BaseThreadInitThunk [0x0x7ffb81f17374+20]
	RtlUserThreadStart [0x0x7ffb8205cc91+33]

2025-08-01 20:42:57,140 - WARNING - [!] Error commenting: Message: no such element: Unable to locate element: {"method":"xpath","selector":".//a[contains(@href, '/posts/') or contains(@href, '/permalink/') or contains(@href, 'fbid=')]"}
  (Session info: chrome=138.0.7204.169); For documentation on this error, please visit: https://www.selenium.dev/documentation/webdriver/troubleshooting/errors#no-such-element-exception
Stacktrace:
	GetHandleVerifier [0x0x7ff6b282e415+77285]
	GetHandleVerifier [0x0x7ff6b282e470+77376]
	(No symbol) [0x0x7ff6b25f9a6a]
	(No symbol) [0x0x7ff6b2650406]
	(No symbol) [0x0x7ff6b26506bc]
	(No symbol) [0x0x7ff6b2642e3c]
	(No symbol) [0x0x7ff6b267864f]
	(No symbol) [0x0x7ff6b2642d06]
	(No symbol) [0x0x7ff6b2678820]
	(No symbol) [0x0x7ff6b26a087f]
	(No symbol) [0x0x7ff6b26783e3]
	(No symbol) [0x0x7ff6b2641521]
	(No symbol) [0x0x7ff6b26422b3]
	GetHandleVerifier [0x0x7ff6b2b11efd+3107021]
	GetHandleVerifier [0x0x7ff6b2b0c29d+3083373]
	GetHandleVerifier [0x0x7ff6b2b2bedd+3213485]
	GetHandleVerifier [0x0x7ff6b284884e+184862]
	GetHandleVerifier [0x0x7ff6b285055f+216879]
	GetHandleVerifier [0x0x7ff6b2837084+113236]
	GetHandleVerifier [0x0x7ff6b2837239+113673]
	GetHandleVerifier [0x0x7ff6b281e298+11368]
	BaseThreadInitThunk [0x0x7ffb81f17374+20]
	RtlUserThreadStart [0x0x7ffb8205cc91+33]

2025-08-01 20:43:07,145 - INFO - [→] Visiting group: https://web.facebook.com/groups/4005223542901013/
2025-08-01 20:43:16,457 - INFO - [↓] Scrolling to load posts...
2025-08-01 20:43:22,902 - INFO - [😴] Taking a short human-like break...
2025-08-01 20:44:02,084 - INFO - [+] Found 2 posts.
2025-08-01 20:44:02,096 - WARNING - [!] Error commenting: Message: no such element: Unable to locate element: {"method":"xpath","selector":".//a[contains(@href, '/posts/') or contains(@href, '/permalink/') or contains(@href, 'fbid=')]"}
  (Session info: chrome=138.0.7204.169); For documentation on this error, please visit: https://www.selenium.dev/documentation/webdriver/troubleshooting/errors#no-such-element-exception
Stacktrace:
	GetHandleVerifier [0x0x7ff6b282e415+77285]
	GetHandleVerifier [0x0x7ff6b282e470+77376]
	(No symbol) [0x0x7ff6b25f9a6a]
	(No symbol) [0x0x7ff6b2650406]
	(No symbol) [0x0x7ff6b26506bc]
	(No symbol) [0x0x7ff6b2642e3c]
	(No symbol) [0x0x7ff6b267864f]
	(No symbol) [0x0x7ff6b2642d06]
	(No symbol) [0x0x7ff6b2678820]
	(No symbol) [0x0x7ff6b26a087f]
	(No symbol) [0x0x7ff6b26783e3]
	(No symbol) [0x0x7ff6b2641521]
	(No symbol) [0x0x7ff6b26422b3]
	GetHandleVerifier [0x0x7ff6b2b11efd+3107021]
	GetHandleVerifier [0x0x7ff6b2b0c29d+3083373]
	GetHandleVerifier [0x0x7ff6b2b2bedd+3213485]
	GetHandleVerifier [0x0x7ff6b284884e+184862]
	GetHandleVerifier [0x0x7ff6b285055f+216879]
	GetHandleVerifier [0x0x7ff6b2837084+113236]
	GetHandleVerifier [0x0x7ff6b2837239+113673]
	GetHandleVerifier [0x0x7ff6b281e298+11368]
	BaseThreadInitThunk [0x0x7ffb81f17374+20]
	RtlUserThreadStart [0x0x7ffb8205cc91+33]

2025-08-01 20:44:02,113 - WARNING - [!] Error commenting: Message: no such element: Unable to locate element: {"method":"xpath","selector":".//a[contains(@href, '/posts/') or contains(@href, '/permalink/') or contains(@href, 'fbid=')]"}
  (Session info: chrome=138.0.7204.169); For documentation on this error, please visit: https://www.selenium.dev/documentation/webdriver/troubleshooting/errors#no-such-element-exception
Stacktrace:
	GetHandleVerifier [0x0x7ff6b282e415+77285]
	GetHandleVerifier [0x0x7ff6b282e470+77376]
	(No symbol) [0x0x7ff6b25f9a6a]
	(No symbol) [0x0x7ff6b2650406]
	(No symbol) [0x0x7ff6b26506bc]
	(No symbol) [0x0x7ff6b2642e3c]
	(No symbol) [0x0x7ff6b267864f]
	(No symbol) [0x0x7ff6b2642d06]
	(No symbol) [0x0x7ff6b2678820]
	(No symbol) [0x0x7ff6b26a087f]
	(No symbol) [0x0x7ff6b26783e3]
	(No symbol) [0x0x7ff6b2641521]
	(No symbol) [0x0x7ff6b26422b3]
	GetHandleVerifier [0x0x7ff6b2b11efd+3107021]
	GetHandleVerifier [0x0x7ff6b2b0c29d+3083373]
	GetHandleVerifier [0x0x7ff6b2b2bedd+3213485]
	GetHandleVerifier [0x0x7ff6b284884e+184862]
	GetHandleVerifier [0x0x7ff6b285055f+216879]
	GetHandleVerifier [0x0x7ff6b2837084+113236]
	GetHandleVerifier [0x0x7ff6b2837239+113673]
	GetHandleVerifier [0x0x7ff6b281e298+11368]
	BaseThreadInitThunk [0x0x7ffb81f17374+20]
	RtlUserThreadStart [0x0x7ffb8205cc91+33]

2025-08-01 20:44:12,119 - INFO - [→] Visiting group: https://web.facebook.com/groups/abdulqayyummeyo/
2025-08-01 20:44:21,157 - INFO - [↓] Scrolling to load posts...
2025-08-01 20:44:30,674 - INFO - [😴] Taking a short human-like break...
2025-08-01 20:44:56,862 - INFO - [+] Found 8 posts.
2025-08-01 20:45:02,248 - WARNING - [!] Error commenting: format_comment_with_tag() missing 2 required positional arguments: 'tag' and 'template_choice'
2025-08-01 20:45:07,906 - WARNING - [!] Error commenting: format_comment_with_tag() missing 2 required positional arguments: 'tag' and 'template_choice'
2025-08-01 20:45:14,433 - WARNING - [!] Error commenting: format_comment_with_tag() missing 2 required positional arguments: 'tag' and 'template_choice'
2025-08-01 20:45:21,053 - WARNING - [!] Error commenting: format_comment_with_tag() missing 2 required positional arguments: 'tag' and 'template_choice'
2025-08-01 20:45:31,273 - WARNING - [!] Error commenting: format_comment_with_tag() missing 2 required positional arguments: 'tag' and 'template_choice'
2025-08-01 20:45:36,901 - WARNING - [!] Error commenting: format_comment_with_tag() missing 2 required positional arguments: 'tag' and 'template_choice'
2025-08-01 20:45:39,520 - WARNING - [!] Error commenting: Message: no such element: Unable to locate element: {"method":"xpath","selector":".//a[contains(@href, '/posts/') or contains(@href, '/permalink/') or contains(@href, 'fbid=')]"}
  (Session info: chrome=138.0.7204.169); For documentation on this error, please visit: https://www.selenium.dev/documentation/webdriver/troubleshooting/errors#no-such-element-exception
Stacktrace:
	GetHandleVerifier [0x0x7ff6b282e415+77285]
	GetHandleVerifier [0x0x7ff6b282e470+77376]
	(No symbol) [0x0x7ff6b25f9a6a]
	(No symbol) [0x0x7ff6b2650406]
	(No symbol) [0x0x7ff6b26506bc]
	(No symbol) [0x0x7ff6b2642e3c]
	(No symbol) [0x0x7ff6b267864f]
	(No symbol) [0x0x7ff6b2642d06]
	(No symbol) [0x0x7ff6b2678820]
	(No symbol) [0x0x7ff6b26a087f]
	(No symbol) [0x0x7ff6b26783e3]
	(No symbol) [0x0x7ff6b2641521]
	(No symbol) [0x0x7ff6b26422b3]
	GetHandleVerifier [0x0x7ff6b2b11efd+3107021]
	GetHandleVerifier [0x0x7ff6b2b0c29d+3083373]
	GetHandleVerifier [0x0x7ff6b2b2bedd+3213485]
	GetHandleVerifier [0x0x7ff6b284884e+184862]
	GetHandleVerifier [0x0x7ff6b285055f+216879]
	GetHandleVerifier [0x0x7ff6b2837084+113236]
	GetHandleVerifier [0x0x7ff6b2837239+113673]
	GetHandleVerifier [0x0x7ff6b281e298+11368]
	BaseThreadInitThunk [0x0x7ffb81f17374+20]
	RtlUserThreadStart [0x0x7ffb8205cc91+33]

2025-08-01 20:45:39,567 - WARNING - [!] Error commenting: Message: no such element: Unable to locate element: {"method":"xpath","selector":".//a[contains(@href, '/posts/') or contains(@href, '/permalink/') or contains(@href, 'fbid=')]"}
  (Session info: chrome=138.0.7204.169); For documentation on this error, please visit: https://www.selenium.dev/documentation/webdriver/troubleshooting/errors#no-such-element-exception
Stacktrace:
	GetHandleVerifier [0x0x7ff6b282e415+77285]
	GetHandleVerifier [0x0x7ff6b282e470+77376]
	(No symbol) [0x0x7ff6b25f9a6a]
	(No symbol) [0x0x7ff6b2650406]
	(No symbol) [0x0x7ff6b26506bc]
	(No symbol) [0x0x7ff6b2642e3c]
	(No symbol) [0x0x7ff6b267864f]
	(No symbol) [0x0x7ff6b2642d06]
	(No symbol) [0x0x7ff6b2678820]
	(No symbol) [0x0x7ff6b26a087f]
	(No symbol) [0x0x7ff6b26783e3]
	(No symbol) [0x0x7ff6b2641521]
	(No symbol) [0x0x7ff6b26422b3]
	GetHandleVerifier [0x0x7ff6b2b11efd+3107021]
	GetHandleVerifier [0x0x7ff6b2b0c29d+3083373]
	GetHandleVerifier [0x0x7ff6b2b2bedd+3213485]
	GetHandleVerifier [0x0x7ff6b284884e+184862]
	GetHandleVerifier [0x0x7ff6b285055f+216879]
	GetHandleVerifier [0x0x7ff6b2837084+113236]
	GetHandleVerifier [0x0x7ff6b2837239+113673]
	GetHandleVerifier [0x0x7ff6b281e298+11368]
	BaseThreadInitThunk [0x0x7ffb81f17374+20]
	RtlUserThreadStart [0x0x7ffb8205cc91+33]

2025-08-01 20:45:49,572 - INFO - [→] Visiting group: https://web.facebook.com/groups/3750775888302823/
2025-08-01 20:45:59,474 - INFO - [↓] Scrolling to load posts...
2025-08-01 20:46:07,811 - INFO - [😴] Taking a short human-like break...
2025-08-01 20:46:42,674 - INFO - [+] Found 3 posts.
2025-08-01 20:46:47,785 - WARNING - [!] Error commenting: format_comment_with_tag() missing 2 required positional arguments: 'tag' and 'template_choice'
2025-08-01 20:46:48,139 - WARNING - [!] Error commenting: Message: no such element: Unable to locate element: {"method":"xpath","selector":".//a[contains(@href, '/posts/') or contains(@href, '/permalink/') or contains(@href, 'fbid=')]"}
  (Session info: chrome=138.0.7204.169); For documentation on this error, please visit: https://www.selenium.dev/documentation/webdriver/troubleshooting/errors#no-such-element-exception
Stacktrace:
	GetHandleVerifier [0x0x7ff6b282e415+77285]
	GetHandleVerifier [0x0x7ff6b282e470+77376]
	(No symbol) [0x0x7ff6b25f9a6a]
	(No symbol) [0x0x7ff6b2650406]
	(No symbol) [0x0x7ff6b26506bc]
	(No symbol) [0x0x7ff6b2642e3c]
	(No symbol) [0x0x7ff6b267864f]
	(No symbol) [0x0x7ff6b2642d06]
	(No symbol) [0x0x7ff6b2678820]
	(No symbol) [0x0x7ff6b26a087f]
	(No symbol) [0x0x7ff6b26783e3]
	(No symbol) [0x0x7ff6b2641521]
	(No symbol) [0x0x7ff6b26422b3]
	GetHandleVerifier [0x0x7ff6b2b11efd+3107021]
	GetHandleVerifier [0x0x7ff6b2b0c29d+3083373]
	GetHandleVerifier [0x0x7ff6b2b2bedd+3213485]
	GetHandleVerifier [0x0x7ff6b284884e+184862]
	GetHandleVerifier [0x0x7ff6b285055f+216879]
	GetHandleVerifier [0x0x7ff6b2837084+113236]
	GetHandleVerifier [0x0x7ff6b2837239+113673]
	GetHandleVerifier [0x0x7ff6b281e298+11368]
	BaseThreadInitThunk [0x0x7ffb81f17374+20]
	RtlUserThreadStart [0x0x7ffb8205cc91+33]

2025-08-01 20:46:48,158 - WARNING - [!] Error commenting: Message: no such element: Unable to locate element: {"method":"xpath","selector":".//a[contains(@href, '/posts/') or contains(@href, '/permalink/') or contains(@href, 'fbid=')]"}
  (Session info: chrome=138.0.7204.169); For documentation on this error, please visit: https://www.selenium.dev/documentation/webdriver/troubleshooting/errors#no-such-element-exception
Stacktrace:
	GetHandleVerifier [0x0x7ff6b282e415+77285]
	GetHandleVerifier [0x0x7ff6b282e470+77376]
	(No symbol) [0x0x7ff6b25f9a6a]
	(No symbol) [0x0x7ff6b2650406]
	(No symbol) [0x0x7ff6b26506bc]
	(No symbol) [0x0x7ff6b2642e3c]
	(No symbol) [0x0x7ff6b267864f]
	(No symbol) [0x0x7ff6b2642d06]
	(No symbol) [0x0x7ff6b2678820]
	(No symbol) [0x0x7ff6b26a087f]
	(No symbol) [0x0x7ff6b26783e3]
	(No symbol) [0x0x7ff6b2641521]
	(No symbol) [0x0x7ff6b26422b3]
	GetHandleVerifier [0x0x7ff6b2b11efd+3107021]
	GetHandleVerifier [0x0x7ff6b2b0c29d+3083373]
	GetHandleVerifier [0x0x7ff6b2b2bedd+3213485]
	GetHandleVerifier [0x0x7ff6b284884e+184862]
	GetHandleVerifier [0x0x7ff6b285055f+216879]
	GetHandleVerifier [0x0x7ff6b2837084+113236]
	GetHandleVerifier [0x0x7ff6b2837239+113673]
	GetHandleVerifier [0x0x7ff6b281e298+11368]
	BaseThreadInitThunk [0x0x7ffb81f17374+20]
	RtlUserThreadStart [0x0x7ffb8205cc91+33]

2025-08-01 20:46:58,163 - INFO - [→] Visiting group: https://web.facebook.com/groups/3742784009110545/
2025-08-01 20:47:08,179 - INFO - [↓] Scrolling to load posts...
2025-08-01 20:47:23,003 - INFO - [+] Found 4 posts.
2025-08-01 20:47:28,090 - WARNING - [!] Error commenting: format_comment_with_tag() missing 2 required positional arguments: 'tag' and 'template_choice'
2025-08-01 20:47:33,328 - WARNING - [!] Error commenting: format_comment_with_tag() missing 2 required positional arguments: 'tag' and 'template_choice'
2025-08-01 20:47:33,414 - WARNING - [!] Error commenting: Message: no such element: Unable to locate element: {"method":"xpath","selector":".//a[contains(@href, '/posts/') or contains(@href, '/permalink/') or contains(@href, 'fbid=')]"}
  (Session info: chrome=138.0.7204.169); For documentation on this error, please visit: https://www.selenium.dev/documentation/webdriver/troubleshooting/errors#no-such-element-exception
Stacktrace:
	GetHandleVerifier [0x0x7ff6b282e415+77285]
	GetHandleVerifier [0x0x7ff6b282e470+77376]
	(No symbol) [0x0x7ff6b25f9a6a]
	(No symbol) [0x0x7ff6b2650406]
	(No symbol) [0x0x7ff6b26506bc]
	(No symbol) [0x0x7ff6b2642e3c]
	(No symbol) [0x0x7ff6b267864f]
	(No symbol) [0x0x7ff6b2642d06]
	(No symbol) [0x0x7ff6b2678820]
	(No symbol) [0x0x7ff6b26a087f]
	(No symbol) [0x0x7ff6b26783e3]
	(No symbol) [0x0x7ff6b2641521]
	(No symbol) [0x0x7ff6b26422b3]
	GetHandleVerifier [0x0x7ff6b2b11efd+3107021]
	GetHandleVerifier [0x0x7ff6b2b0c29d+3083373]
	GetHandleVerifier [0x0x7ff6b2b2bedd+3213485]
	GetHandleVerifier [0x0x7ff6b284884e+184862]
	GetHandleVerifier [0x0x7ff6b285055f+216879]
	GetHandleVerifier [0x0x7ff6b2837084+113236]
	GetHandleVerifier [0x0x7ff6b2837239+113673]
	GetHandleVerifier [0x0x7ff6b281e298+11368]
	BaseThreadInitThunk [0x0x7ffb81f17374+20]
	RtlUserThreadStart [0x0x7ffb8205cc91+33]

2025-08-01 20:47:33,430 - WARNING - [!] Error commenting: Message: no such element: Unable to locate element: {"method":"xpath","selector":".//a[contains(@href, '/posts/') or contains(@href, '/permalink/') or contains(@href, 'fbid=')]"}
  (Session info: chrome=138.0.7204.169); For documentation on this error, please visit: https://www.selenium.dev/documentation/webdriver/troubleshooting/errors#no-such-element-exception
Stacktrace:
	GetHandleVerifier [0x0x7ff6b282e415+77285]
	GetHandleVerifier [0x0x7ff6b282e470+77376]
	(No symbol) [0x0x7ff6b25f9a6a]
	(No symbol) [0x0x7ff6b2650406]
	(No symbol) [0x0x7ff6b26506bc]
	(No symbol) [0x0x7ff6b2642e3c]
	(No symbol) [0x0x7ff6b267864f]
	(No symbol) [0x0x7ff6b2642d06]
	(No symbol) [0x0x7ff6b2678820]
	(No symbol) [0x0x7ff6b26a087f]
	(No symbol) [0x0x7ff6b26783e3]
	(No symbol) [0x0x7ff6b2641521]
	(No symbol) [0x0x7ff6b26422b3]
	GetHandleVerifier [0x0x7ff6b2b11efd+3107021]
	GetHandleVerifier [0x0x7ff6b2b0c29d+3083373]
	GetHandleVerifier [0x0x7ff6b2b2bedd+3213485]
	GetHandleVerifier [0x0x7ff6b284884e+184862]
	GetHandleVerifier [0x0x7ff6b285055f+216879]
	GetHandleVerifier [0x0x7ff6b2837084+113236]
	GetHandleVerifier [0x0x7ff6b2837239+113673]
	GetHandleVerifier [0x0x7ff6b281e298+11368]
	BaseThreadInitThunk [0x0x7ffb81f17374+20]
	RtlUserThreadStart [0x0x7ffb8205cc91+33]

2025-08-01 20:47:43,434 - INFO - [→] Visiting group: https://web.facebook.com/groups/147809024587596/
2025-08-01 20:47:51,327 - INFO - [↓] Scrolling to load posts...
2025-08-01 20:48:06,158 - INFO - [😴] Taking a short human-like break...
2025-08-01 21:04:12,411 - INFO - [🟢] Starting for retreat-scrap-envy@duck.com
2025-08-01 21:04:12,412 - INFO - [📊] Today’s comment count for retreat-scrap-envy@duck.com: 0
2025-08-01 21:04:12,413 - ERROR - [!] Error in group https://web.facebook.com/groups/237442777937027/: comment_in_group() got an unexpected keyword argument 'max_comments'
2025-08-01 21:04:22,413 - ERROR - [!] Error in group https://web.facebook.com/groups/516058958574580/: comment_in_group() got an unexpected keyword argument 'max_comments'
2025-08-01 21:04:32,414 - ERROR - [!] Error in group https://web.facebook.com/groups/839203350956232/: comment_in_group() got an unexpected keyword argument 'max_comments'
2025-08-01 21:04:42,415 - ERROR - [!] Error in group https://web.facebook.com/groups/215512159649746/: comment_in_group() got an unexpected keyword argument 'max_comments'
2025-08-01 21:04:52,417 - ERROR - [!] Error in group https://web.facebook.com/groups/588775129065193/: comment_in_group() got an unexpected keyword argument 'max_comments'
2025-08-01 21:05:02,418 - ERROR - [!] Error in group https://web.facebook.com/groups/289290791181859/: comment_in_group() got an unexpected keyword argument 'max_comments'
2025-08-01 21:05:12,419 - ERROR - [!] Error in group https://web.facebook.com/groups/4005223542901013/: comment_in_group() got an unexpected keyword argument 'max_comments'
2025-08-01 21:05:22,420 - ERROR - [!] Error in group https://web.facebook.com/groups/abdulqayyummeyo/: comment_in_group() got an unexpected keyword argument 'max_comments'
2025-08-01 21:05:32,421 - ERROR - [!] Error in group https://web.facebook.com/groups/3750775888302823/: comment_in_group() got an unexpected keyword argument 'max_comments'
2025-08-01 21:05:42,422 - ERROR - [!] Error in group https://web.facebook.com/groups/3742784009110545/: comment_in_group() got an unexpected keyword argument 'max_comments'
2025-08-01 21:05:52,423 - ERROR - [!] Error in group https://web.facebook.com/groups/147809024587596/: comment_in_group() got an unexpected keyword argument 'max_comments'
2025-08-01 21:06:02,424 - ERROR - [!] Error in group https://web.facebook.com/groups/httpswww.liteforex.comuid563123247/: comment_in_group() got an unexpected keyword argument 'max_comments'
2025-08-01 21:06:12,426 - ERROR - [!] Error in group https://web.facebook.com/groups/918465691527922/: comment_in_group() got an unexpected keyword argument 'max_comments'
2025-08-01 21:06:22,427 - ERROR - [!] Error in group https://web.facebook.com/groups/1307859917037015/: comment_in_group() got an unexpected keyword argument 'max_comments'
2025-08-01 21:06:32,429 - ERROR - [!] Error in group https://web.facebook.com/groups/1198233421714376/: comment_in_group() got an unexpected keyword argument 'max_comments'
2025-08-01 21:06:42,430 - ERROR - [!] Error in group https://web.facebook.com/groups/712084893339852/: comment_in_group() got an unexpected keyword argument 'max_comments'
2025-08-01 21:06:52,430 - ERROR - [!] Error in group https://web.facebook.com/groups/602376915876223/: comment_in_group() got an unexpected keyword argument 'max_comments'
2025-08-01 21:07:05,989 - INFO - [📁] Exported comment stats to CSV.
2025-08-01 21:24:28,140 - INFO - [🟢] Starting for retreat-scrap-envy@duck.com
2025-08-01 21:24:28,141 - INFO - [📊] Today’s comment count for retreat-scrap-envy@duck.com: 0
2025-08-01 21:24:28,142 - ERROR - [!] Error in group https://web.facebook.com/groups/237442777937027/: comment_in_group() got an unexpected keyword argument 'max_comments'
2025-08-01 21:24:38,144 - ERROR - [!] Error in group https://web.facebook.com/groups/516058958574580/: comment_in_group() got an unexpected keyword argument 'max_comments'
2025-08-01 21:24:48,145 - ERROR - [!] Error in group https://web.facebook.com/groups/839203350956232/: comment_in_group() got an unexpected keyword argument 'max_comments'
2025-08-01 21:24:58,147 - ERROR - [!] Error in group https://web.facebook.com/groups/215512159649746/: comment_in_group() got an unexpected keyword argument 'max_comments'
2025-08-01 21:25:08,149 - ERROR - [!] Error in group https://web.facebook.com/groups/588775129065193/: comment_in_group() got an unexpected keyword argument 'max_comments'
2025-08-01 21:25:18,151 - ERROR - [!] Error in group https://web.facebook.com/groups/289290791181859/: comment_in_group() got an unexpected keyword argument 'max_comments'
2025-08-01 21:25:28,153 - ERROR - [!] Error in group https://web.facebook.com/groups/4005223542901013/: comment_in_group() got an unexpected keyword argument 'max_comments'
2025-08-01 21:25:38,154 - ERROR - [!] Error in group https://web.facebook.com/groups/abdulqayyummeyo/: comment_in_group() got an unexpected keyword argument 'max_comments'
2025-08-01 21:25:48,155 - ERROR - [!] Error in group https://web.facebook.com/groups/3750775888302823/: comment_in_group() got an unexpected keyword argument 'max_comments'
2025-08-01 21:25:58,156 - ERROR - [!] Error in group https://web.facebook.com/groups/3742784009110545/: comment_in_group() got an unexpected keyword argument 'max_comments'
2025-08-01 21:27:16,924 - INFO - [🟢] Starting for retreat-scrap-envy@duck.com
2025-08-01 21:27:16,926 - INFO - [📊] Today’s comment count for retreat-scrap-envy@duck.com: 0
2025-08-01 21:27:16,929 - INFO - Navigating to group: {'email': 'retreat-scrap-envy@duck.com', 'password': 'Salisu1234@', 'cookies': '[{"domain": ".facebook.com", "httpOnly": false, "name": "presence", "path": "/", "sameSite": "Lax", "secure": true, "value": "C%7B%22t3%22%3A%5B%5D%2C%22utc3%22%3A1753847096806%2C%22v%22%3A1%7D"}, {"domain": ".facebook.com", "expiry": 1761623092, "httpOnly": true, "name": "fr", "path": "/", "sameSite": "None", "secure": true, "value": "0dMtZbvFtstLokj24.AWeEBwdA5HWEliczdHWGcS3WQSDn0nifbhuKBTLfrwuRAuXKVcI.BoiZUl..AAA.0.0.BoiZU0.AWe1xQxA7uwiZBFz7XTd6CI_8XI"}, {"domain": ".facebook.com", "expiry": 1785383092, "httpOnly": true, "name": "xs", "path": "/", "sameSite": "None", "secure": true, "value": "30%3AX83a8QJ19oXm-w%3A2%3A1753847088%3A-1%3A-1"}, {"domain": ".facebook.com", "expiry": 1785383092, "httpOnly": false, "name": "c_user", "path": "/", "sameSite": "None", "secure": true, "value": "61577853374153"}, {"domain": ".facebook.com", "expiry": 1754451896, "httpOnly": false, "name": "wd", "path": "/", "sameSite": "Lax", "secure": true, "value": "1366x589"}, {"domain": ".facebook.com", "expiry": 1788407092, "httpOnly": true, "name": "sb", "path": "/", "sameSite": "None", "secure": true, "value": "JZWJaLomWYuhc1PDdHzSUM84"}, {"domain": ".facebook.com", "expiry": 1788407077, "httpOnly": true, "name": "datr", "path": "/", "sameSite": "None", "secure": true, "value": "JZWJaBHkACdtwAtrRkf0DaK9"}]', '2fa': '', 'token': '', 'uid': '', 'proxy': '', 'Unnamed: 7': ''}
2025-08-01 21:27:16,939 - ERROR - [!] Error in group https://web.facebook.com/groups/237442777937027/: Message: invalid argument: 'url' must be a string
  (Session info: chrome=138.0.7204.169)
Stacktrace:
	GetHandleVerifier [0x0x7ff74ccee415+77285]
	GetHandleVerifier [0x0x7ff74ccee470+77376]
	(No symbol) [0x0x7ff74cab9a6a]
	(No symbol) [0x0x7ff74cb61744]
	(No symbol) [0x0x7ff74cb3860a]
	(No symbol) [0x0x7ff74cb6087f]
	(No symbol) [0x0x7ff74cb383e3]
	(No symbol) [0x0x7ff74cb01521]
	(No symbol) [0x0x7ff74cb022b3]
	GetHandleVerifier [0x0x7ff74cfd1efd+3107021]
	GetHandleVerifier [0x0x7ff74cfcc29d+3083373]
	GetHandleVerifier [0x0x7ff74cfebedd+3213485]
	GetHandleVerifier [0x0x7ff74cd0884e+184862]
	GetHandleVerifier [0x0x7ff74cd1055f+216879]
	GetHandleVerifier [0x0x7ff74ccf7084+113236]
	GetHandleVerifier [0x0x7ff74ccf7239+113673]
	GetHandleVerifier [0x0x7ff74ccde298+11368]
	BaseThreadInitThunk [0x0x7ffb81f17374+20]
	RtlUserThreadStart [0x0x7ffb8205cc91+33]

2025-08-01 21:27:26,944 - INFO - Navigating to group: {'email': 'retreat-scrap-envy@duck.com', 'password': 'Salisu1234@', 'cookies': '[{"domain": ".facebook.com", "httpOnly": false, "name": "presence", "path": "/", "sameSite": "Lax", "secure": true, "value": "C%7B%22t3%22%3A%5B%5D%2C%22utc3%22%3A1753847096806%2C%22v%22%3A1%7D"}, {"domain": ".facebook.com", "expiry": 1761623092, "httpOnly": true, "name": "fr", "path": "/", "sameSite": "None", "secure": true, "value": "0dMtZbvFtstLokj24.AWeEBwdA5HWEliczdHWGcS3WQSDn0nifbhuKBTLfrwuRAuXKVcI.BoiZUl..AAA.0.0.BoiZU0.AWe1xQxA7uwiZBFz7XTd6CI_8XI"}, {"domain": ".facebook.com", "expiry": 1785383092, "httpOnly": true, "name": "xs", "path": "/", "sameSite": "None", "secure": true, "value": "30%3AX83a8QJ19oXm-w%3A2%3A1753847088%3A-1%3A-1"}, {"domain": ".facebook.com", "expiry": 1785383092, "httpOnly": false, "name": "c_user", "path": "/", "sameSite": "None", "secure": true, "value": "61577853374153"}, {"domain": ".facebook.com", "expiry": 1754451896, "httpOnly": false, "name": "wd", "path": "/", "sameSite": "Lax", "secure": true, "value": "1366x589"}, {"domain": ".facebook.com", "expiry": 1788407092, "httpOnly": true, "name": "sb", "path": "/", "sameSite": "None", "secure": true, "value": "JZWJaLomWYuhc1PDdHzSUM84"}, {"domain": ".facebook.com", "expiry": 1788407077, "httpOnly": true, "name": "datr", "path": "/", "sameSite": "None", "secure": true, "value": "JZWJaBHkACdtwAtrRkf0DaK9"}]', '2fa': '', 'token': '', 'uid': '', 'proxy': '', 'Unnamed: 7': ''}
2025-08-01 21:27:26,949 - ERROR - [!] Error in group https://web.facebook.com/groups/516058958574580/: Message: invalid argument: 'url' must be a string
  (Session info: chrome=138.0.7204.169)
Stacktrace:
	GetHandleVerifier [0x0x7ff74ccee415+77285]
	GetHandleVerifier [0x0x7ff74ccee470+77376]
	(No symbol) [0x0x7ff74cab9a6a]
	(No symbol) [0x0x7ff74cb61744]
	(No symbol) [0x0x7ff74cb3860a]
	(No symbol) [0x0x7ff74cb6087f]
	(No symbol) [0x0x7ff74cb383e3]
	(No symbol) [0x0x7ff74cb01521]
	(No symbol) [0x0x7ff74cb022b3]
	GetHandleVerifier [0x0x7ff74cfd1efd+3107021]
	GetHandleVerifier [0x0x7ff74cfcc29d+3083373]
	GetHandleVerifier [0x0x7ff74cfebedd+3213485]
	GetHandleVerifier [0x0x7ff74cd0884e+184862]
	GetHandleVerifier [0x0x7ff74cd1055f+216879]
	GetHandleVerifier [0x0x7ff74ccf7084+113236]
	GetHandleVerifier [0x0x7ff74ccf7239+113673]
	GetHandleVerifier [0x0x7ff74ccde298+11368]
	BaseThreadInitThunk [0x0x7ffb81f17374+20]
	RtlUserThreadStart [0x0x7ffb8205cc91+33]

2025-08-01 21:27:36,951 - INFO - Navigating to group: {'email': 'retreat-scrap-envy@duck.com', 'password': 'Salisu1234@', 'cookies': '[{"domain": ".facebook.com", "httpOnly": false, "name": "presence", "path": "/", "sameSite": "Lax", "secure": true, "value": "C%7B%22t3%22%3A%5B%5D%2C%22utc3%22%3A1753847096806%2C%22v%22%3A1%7D"}, {"domain": ".facebook.com", "expiry": 1761623092, "httpOnly": true, "name": "fr", "path": "/", "sameSite": "None", "secure": true, "value": "0dMtZbvFtstLokj24.AWeEBwdA5HWEliczdHWGcS3WQSDn0nifbhuKBTLfrwuRAuXKVcI.BoiZUl..AAA.0.0.BoiZU0.AWe1xQxA7uwiZBFz7XTd6CI_8XI"}, {"domain": ".facebook.com", "expiry": 1785383092, "httpOnly": true, "name": "xs", "path": "/", "sameSite": "None", "secure": true, "value": "30%3AX83a8QJ19oXm-w%3A2%3A1753847088%3A-1%3A-1"}, {"domain": ".facebook.com", "expiry": 1785383092, "httpOnly": false, "name": "c_user", "path": "/", "sameSite": "None", "secure": true, "value": "61577853374153"}, {"domain": ".facebook.com", "expiry": 1754451896, "httpOnly": false, "name": "wd", "path": "/", "sameSite": "Lax", "secure": true, "value": "1366x589"}, {"domain": ".facebook.com", "expiry": 1788407092, "httpOnly": true, "name": "sb", "path": "/", "sameSite": "None", "secure": true, "value": "JZWJaLomWYuhc1PDdHzSUM84"}, {"domain": ".facebook.com", "expiry": 1788407077, "httpOnly": true, "name": "datr", "path": "/", "sameSite": "None", "secure": true, "value": "JZWJaBHkACdtwAtrRkf0DaK9"}]', '2fa': '', 'token': '', 'uid': '', 'proxy': '', 'Unnamed: 7': ''}
2025-08-01 21:27:36,964 - ERROR - [!] Error in group https://web.facebook.com/groups/839203350956232/: Message: invalid argument: 'url' must be a string
  (Session info: chrome=138.0.7204.169)
Stacktrace:
	GetHandleVerifier [0x0x7ff74ccee415+77285]
	GetHandleVerifier [0x0x7ff74ccee470+77376]
	(No symbol) [0x0x7ff74cab9a6a]
	(No symbol) [0x0x7ff74cb61744]
	(No symbol) [0x0x7ff74cb3860a]
	(No symbol) [0x0x7ff74cb6087f]
	(No symbol) [0x0x7ff74cb383e3]
	(No symbol) [0x0x7ff74cb01521]
	(No symbol) [0x0x7ff74cb022b3]
	GetHandleVerifier [0x0x7ff74cfd1efd+3107021]
	GetHandleVerifier [0x0x7ff74cfcc29d+3083373]
	GetHandleVerifier [0x0x7ff74cfebedd+3213485]
	GetHandleVerifier [0x0x7ff74cd0884e+184862]
	GetHandleVerifier [0x0x7ff74cd1055f+216879]
	GetHandleVerifier [0x0x7ff74ccf7084+113236]
	GetHandleVerifier [0x0x7ff74ccf7239+113673]
	GetHandleVerifier [0x0x7ff74ccde298+11368]
	BaseThreadInitThunk [0x0x7ffb81f17374+20]
	RtlUserThreadStart [0x0x7ffb8205cc91+33]

2025-08-01 21:27:46,969 - INFO - Navigating to group: {'email': 'retreat-scrap-envy@duck.com', 'password': 'Salisu1234@', 'cookies': '[{"domain": ".facebook.com", "httpOnly": false, "name": "presence", "path": "/", "sameSite": "Lax", "secure": true, "value": "C%7B%22t3%22%3A%5B%5D%2C%22utc3%22%3A1753847096806%2C%22v%22%3A1%7D"}, {"domain": ".facebook.com", "expiry": 1761623092, "httpOnly": true, "name": "fr", "path": "/", "sameSite": "None", "secure": true, "value": "0dMtZbvFtstLokj24.AWeEBwdA5HWEliczdHWGcS3WQSDn0nifbhuKBTLfrwuRAuXKVcI.BoiZUl..AAA.0.0.BoiZU0.AWe1xQxA7uwiZBFz7XTd6CI_8XI"}, {"domain": ".facebook.com", "expiry": 1785383092, "httpOnly": true, "name": "xs", "path": "/", "sameSite": "None", "secure": true, "value": "30%3AX83a8QJ19oXm-w%3A2%3A1753847088%3A-1%3A-1"}, {"domain": ".facebook.com", "expiry": 1785383092, "httpOnly": false, "name": "c_user", "path": "/", "sameSite": "None", "secure": true, "value": "61577853374153"}, {"domain": ".facebook.com", "expiry": 1754451896, "httpOnly": false, "name": "wd", "path": "/", "sameSite": "Lax", "secure": true, "value": "1366x589"}, {"domain": ".facebook.com", "expiry": 1788407092, "httpOnly": true, "name": "sb", "path": "/", "sameSite": "None", "secure": true, "value": "JZWJaLomWYuhc1PDdHzSUM84"}, {"domain": ".facebook.com", "expiry": 1788407077, "httpOnly": true, "name": "datr", "path": "/", "sameSite": "None", "secure": true, "value": "JZWJaBHkACdtwAtrRkf0DaK9"}]', '2fa': '', 'token': '', 'uid': '', 'proxy': '', 'Unnamed: 7': ''}
2025-08-01 21:27:46,974 - ERROR - [!] Error in group https://web.facebook.com/groups/215512159649746/: Message: invalid argument: 'url' must be a string
  (Session info: chrome=138.0.7204.169)
Stacktrace:
	GetHandleVerifier [0x0x7ff74ccee415+77285]
	GetHandleVerifier [0x0x7ff74ccee470+77376]
	(No symbol) [0x0x7ff74cab9a6a]
	(No symbol) [0x0x7ff74cb61744]
	(No symbol) [0x0x7ff74cb3860a]
	(No symbol) [0x0x7ff74cb6087f]
	(No symbol) [0x0x7ff74cb383e3]
	(No symbol) [0x0x7ff74cb01521]
	(No symbol) [0x0x7ff74cb022b3]
	GetHandleVerifier [0x0x7ff74cfd1efd+3107021]
	GetHandleVerifier [0x0x7ff74cfcc29d+3083373]
	GetHandleVerifier [0x0x7ff74cfebedd+3213485]
	GetHandleVerifier [0x0x7ff74cd0884e+184862]
	GetHandleVerifier [0x0x7ff74cd1055f+216879]
	GetHandleVerifier [0x0x7ff74ccf7084+113236]
	GetHandleVerifier [0x0x7ff74ccf7239+113673]
	GetHandleVerifier [0x0x7ff74ccde298+11368]
	BaseThreadInitThunk [0x0x7ffb81f17374+20]
	RtlUserThreadStart [0x0x7ffb8205cc91+33]

2025-08-01 21:27:56,976 - INFO - Navigating to group: {'email': 'retreat-scrap-envy@duck.com', 'password': 'Salisu1234@', 'cookies': '[{"domain": ".facebook.com", "httpOnly": false, "name": "presence", "path": "/", "sameSite": "Lax", "secure": true, "value": "C%7B%22t3%22%3A%5B%5D%2C%22utc3%22%3A1753847096806%2C%22v%22%3A1%7D"}, {"domain": ".facebook.com", "expiry": 1761623092, "httpOnly": true, "name": "fr", "path": "/", "sameSite": "None", "secure": true, "value": "0dMtZbvFtstLokj24.AWeEBwdA5HWEliczdHWGcS3WQSDn0nifbhuKBTLfrwuRAuXKVcI.BoiZUl..AAA.0.0.BoiZU0.AWe1xQxA7uwiZBFz7XTd6CI_8XI"}, {"domain": ".facebook.com", "expiry": 1785383092, "httpOnly": true, "name": "xs", "path": "/", "sameSite": "None", "secure": true, "value": "30%3AX83a8QJ19oXm-w%3A2%3A1753847088%3A-1%3A-1"}, {"domain": ".facebook.com", "expiry": 1785383092, "httpOnly": false, "name": "c_user", "path": "/", "sameSite": "None", "secure": true, "value": "61577853374153"}, {"domain": ".facebook.com", "expiry": 1754451896, "httpOnly": false, "name": "wd", "path": "/", "sameSite": "Lax", "secure": true, "value": "1366x589"}, {"domain": ".facebook.com", "expiry": 1788407092, "httpOnly": true, "name": "sb", "path": "/", "sameSite": "None", "secure": true, "value": "JZWJaLomWYuhc1PDdHzSUM84"}, {"domain": ".facebook.com", "expiry": 1788407077, "httpOnly": true, "name": "datr", "path": "/", "sameSite": "None", "secure": true, "value": "JZWJaBHkACdtwAtrRkf0DaK9"}]', '2fa': '', 'token': '', 'uid': '', 'proxy': '', 'Unnamed: 7': ''}
2025-08-01 21:27:56,984 - ERROR - [!] Error in group https://web.facebook.com/groups/588775129065193/: Message: invalid argument: 'url' must be a string
  (Session info: chrome=138.0.7204.169)
Stacktrace:
	GetHandleVerifier [0x0x7ff74ccee415+77285]
	GetHandleVerifier [0x0x7ff74ccee470+77376]
	(No symbol) [0x0x7ff74cab9a6a]
	(No symbol) [0x0x7ff74cb61744]
	(No symbol) [0x0x7ff74cb3860a]
	(No symbol) [0x0x7ff74cb6087f]
	(No symbol) [0x0x7ff74cb383e3]
	(No symbol) [0x0x7ff74cb01521]
	(No symbol) [0x0x7ff74cb022b3]
	GetHandleVerifier [0x0x7ff74cfd1efd+3107021]
	GetHandleVerifier [0x0x7ff74cfcc29d+3083373]
	GetHandleVerifier [0x0x7ff74cfebedd+3213485]
	GetHandleVerifier [0x0x7ff74cd0884e+184862]
	GetHandleVerifier [0x0x7ff74cd1055f+216879]
	GetHandleVerifier [0x0x7ff74ccf7084+113236]
	GetHandleVerifier [0x0x7ff74ccf7239+113673]
	GetHandleVerifier [0x0x7ff74ccde298+11368]
	BaseThreadInitThunk [0x0x7ffb81f17374+20]
	RtlUserThreadStart [0x0x7ffb8205cc91+33]

2025-08-01 21:35:58,770 - INFO - [🟢] Starting for retreat-scrap-envy@duck.com
2025-08-01 21:35:58,771 - INFO - [📊] Today’s comment count for retreat-scrap-envy@duck.com: 0
2025-08-01 21:35:58,772 - INFO - Navigating to group: https://web.facebook.com/groups/237442777937027/
2025-08-01 21:36:09,111 - INFO - [↓] Scrolling to load posts...
2025-08-01 21:36:24,215 - INFO - [😴] Taking a short human-like break...
2025-08-01 21:36:44,461 - INFO - [😴] Taking a short human-like break...
2025-08-01 21:37:12,249 - INFO - Found 3 posts in group: https://web.facebook.com/groups/237442777937027/
2025-08-01 21:38:51,829 - INFO - [🟢] Starting for retreat-scrap-envy@duck.com
2025-08-01 21:38:51,830 - INFO - [📊] Today’s comment count for retreat-scrap-envy@duck.com: 0
2025-08-01 21:38:51,832 - INFO - Navigating to group: https://web.facebook.com/groups/237442777937027/
2025-08-01 21:39:00,973 - INFO - [↓] Scrolling to load posts...
2025-08-01 21:39:13,156 - INFO - [😴] Taking a short human-like break...
2025-08-01 21:39:40,220 - INFO - [😴] Taking a short human-like break...
2025-08-01 21:40:01,973 - INFO - Found 3 posts in group: https://web.facebook.com/groups/237442777937027/
2025-08-01 21:40:14,216 - ERROR - [!] Error during commenting on post: Message: 

2025-08-01 21:40:14,251 - WARNING - [!] Could not find post URL element. Skipping post.
2025-08-01 21:40:14,273 - WARNING - [!] Could not find post URL element. Skipping post.
2025-08-01 21:40:14,274 - INFO - Completed 0 comments in group: https://web.facebook.com/groups/237442777937027/
2025-08-01 21:40:24,275 - INFO - Navigating to group: https://web.facebook.com/groups/516058958574580/
2025-08-01 21:43:19,422 - INFO - [🟢] Starting for retreat-scrap-envy@duck.com
2025-08-01 21:43:19,423 - INFO - [📊] Today’s comment count for retreat-scrap-envy@duck.com: 0
2025-08-01 21:43:19,424 - INFO - Navigating to group: https://web.facebook.com/groups/237442777937027/
2025-08-01 21:43:27,353 - INFO - [↓] Scrolling to load posts...
2025-08-01 21:43:48,280 - INFO - [😴] Taking a short human-like break...
2025-08-01 21:44:18,160 - INFO - Found 3 posts in group: https://web.facebook.com/groups/237442777937027/
2025-08-01 21:44:30,470 - ERROR - [!] Error during commenting on post: Message: 

2025-08-01 21:44:43,320 - ERROR - [!] Error during commenting on post: Message: 

2025-08-01 21:44:56,021 - ERROR - [!] Error during commenting on post: Message: 

2025-08-01 21:44:56,021 - INFO - Completed 0 comments in group: https://web.facebook.com/groups/237442777937027/
2025-08-01 21:45:06,022 - INFO - Navigating to group: https://web.facebook.com/groups/516058958574580/
2025-08-01 21:45:13,199 - INFO - [↓] Scrolling to load posts...
2025-08-01 21:45:16,289 - INFO - [😴] Taking a short human-like break...
2025-08-01 21:45:56,814 - INFO - [😴] Taking a short human-like break...
2025-08-01 21:46:28,774 - INFO - [😴] Taking a short human-like break...
2025-08-01 21:46:59,696 - INFO - Found 4 posts in group: https://web.facebook.com/groups/516058958574580/
2025-08-01 21:47:11,903 - ERROR - [!] Error during commenting on post: Message: 

2025-08-01 21:47:24,342 - ERROR - [!] Error during commenting on post: Message: 

2025-08-01 21:47:36,722 - ERROR - [!] Error during commenting on post: Message: 

2025-08-01 21:47:49,721 - ERROR - [!] Error during commenting on post: Message: 

2025-08-01 21:47:49,722 - INFO - Completed 0 comments in group: https://web.facebook.com/groups/516058958574580/
2025-08-01 21:47:59,723 - INFO - Navigating to group: https://web.facebook.com/groups/839203350956232/
2025-08-01 21:48:09,083 - INFO - [↓] Scrolling to load posts...
2025-08-01 21:48:12,351 - INFO - [😴] Taking a short human-like break...
2025-08-01 21:48:58,042 - INFO - Found 3 posts in group: https://web.facebook.com/groups/839203350956232/
2025-08-01 21:49:10,873 - ERROR - [!] Error during commenting on post: Message: 

2025-08-01 21:49:23,334 - ERROR - [!] Error during commenting on post: Message: 

2025-08-01 21:49:35,846 - ERROR - [!] Error during commenting on post: Message: 

2025-08-01 21:49:35,846 - INFO - Completed 0 comments in group: https://web.facebook.com/groups/839203350956232/
2025-08-01 21:49:45,847 - INFO - Navigating to group: https://web.facebook.com/groups/215512159649746/
2025-08-01 21:49:53,082 - INFO - [↓] Scrolling to load posts...
2025-08-01 21:50:14,550 - INFO - [😴] Taking a short human-like break...
2025-08-01 21:50:39,527 - INFO - [😴] Taking a short human-like break...
2025-08-01 21:51:29,545 - INFO - [🟢] Starting for retreat-scrap-envy@duck.com
2025-08-01 21:51:29,546 - INFO - [📊] Today’s comment count for retreat-scrap-envy@duck.com: 0
2025-08-01 21:54:20,947 - INFO - [🟢] Starting for retreat-scrap-envy@duck.com
2025-08-01 21:54:20,972 - INFO - [📊] Today’s comment count for retreat-scrap-envy@duck.com: 0
2025-08-01 21:54:20,985 - INFO - [→] Visiting group: https://web.facebook.com/groups/237442777937027/
2025-08-01 21:54:31,054 - INFO - [↓] Scrolling to load posts...
2025-08-01 21:54:39,319 - INFO - [😴] Taking a short human-like break...
2025-08-01 21:55:08,528 - INFO - [+] Found 3 posts to potentially comment on.
2025-08-01 21:55:08,623 - INFO - ✅ JS fallback: clicked 'Leave a comment'
2025-08-01 21:55:08,696 - INFO - [✓] Comment submitted
2025-08-01 21:55:16,509 - INFO - [→] Finished 1/10 comments in group.
2025-08-01 21:55:20,585 - INFO - [✓] Comment submitted
2025-08-01 21:55:20,586 - INFO - [+] Commented: Great content!
2025-08-01 22:01:41,376 - INFO - [🟢] Starting for retreat-scrap-envy@duck.com
2025-08-01 22:01:41,377 - INFO - [📊] Today’s comment count for retreat-scrap-envy@duck.com: 0
2025-08-01 22:01:41,378 - INFO - [→] Visiting group: https://web.facebook.com/groups/237442777937027/
2025-08-01 22:01:51,549 - INFO - [↓] Scrolling to load posts...
2025-08-01 22:02:00,795 - INFO - [😴] Taking a short human-like break...
2025-08-01 22:02:22,168 - INFO - [+] Found 4 posts to potentially comment on.
2025-08-01 22:02:22,349 - INFO - ✅ JS fallback: clicked 'Leave a comment'
2025-08-01 22:02:22,459 - INFO - [✓] Comment submitted
2025-08-01 22:02:34,152 - INFO - [→] Finished 1/10 comments in group.
2025-08-01 22:02:39,587 - INFO - [✓] Comment submitted
2025-08-01 22:02:39,587 - INFO - [+] Commented: Very informative!
2025-08-01 22:08:26,711 - INFO - [🟢] Starting for retreat-scrap-envy@duck.com
2025-08-01 22:08:26,713 - INFO - [📊] Today’s comment count for retreat-scrap-envy@duck.com: 0
2025-08-01 22:13:28,233 - INFO - [🟢] Starting for retreat-scrap-envy@duck.com
2025-08-01 22:13:28,234 - INFO - [📊] Today’s comment count for retreat-scrap-envy@duck.com: 0
2025-08-01 22:14:42,022 - INFO - [🟢] Starting for retreat-scrap-envy@duck.com
2025-08-01 22:14:42,022 - INFO - [📊] Today’s comment count for retreat-scrap-envy@duck.com: 0
2025-08-01 22:14:42,023 - INFO - Navigating to group: retreat-scrap-envy@duck.com
2025-08-01 22:19:11,375 - INFO - [🟢] Starting for retreat-scrap-envy@duck.com
2025-08-01 22:19:11,376 - INFO - [📊] Today’s comment count for retreat-scrap-envy@duck.com: 0
2025-08-01 22:19:11,377 - INFO - Navigating to group: retreat-scrap-envy@duck.com
2025-08-01 22:29:57,549 - INFO - [🟢] Starting for retreat-scrap-envy@duck.com
2025-08-01 22:29:57,549 - INFO - [📊] Today’s comment count for retreat-scrap-envy@duck.com: 0
2025-08-01 22:29:57,550 - INFO - Navigating to group: https://web.facebook.com/groups/237442777937027/
2025-08-01 22:30:10,062 - INFO - [↓] Scrolling to load posts...
2025-08-01 22:30:15,886 - INFO - [😴] Taking a short human-like break...
2025-08-01 22:30:42,435 - INFO - [😴] Taking a short human-like break...
2025-08-01 22:31:21,388 - INFO - [😴] Taking a short human-like break...
2025-08-01 22:31:43,029 - INFO - Found 3 posts in group: https://web.facebook.com/groups/237442777937027/
2025-08-01 22:31:45,390 - INFO - Opening post: https://web.facebook.com/groups/237442777937027/posts/1316095620071732/?comment_id=1316096263405001&__cft__[0]=AZXUKDHb432u38-OEPWmuuIUdMURrkEkJtXJ39HPczx4Fim1Bu1STjsAImVOMS2xLB-iJR_PgJLa2I_90xWiLokawWH0W6VcxJD5IwqF55okt6a6oU1wBwriZYl5e2APZNNcMZJnlNE5hfcQ61xyz4tYHlpwEX9jOMZ-HUQDHKmfR4OJj41rfaczVK6gRnYok63QpZWC9_m3zPIXUsWI7B9xSQDinKN0lfJg-2_LWfD81w&__tn__=R-R
2025-08-01 22:31:46,720 - ERROR - [!] Error commenting: Message: element click intercepted: Element <a attributionsrc="/privacy_sandbox/comet/register/source/?xt=AZU9R0qe0KKD_2mCdEJQT3gUoda9FAgPM-1fdZRbobSPVRrBJLwFcufumABaxgXnu5iXntuAQBWPsx0MbDUdoTSHm5CgvbnT4pepIMGQuFaDsK-9GvIhZEfAE4aAqynfZWVAyd0VAnuv7vG8xkdftZD7ZoWDgUcjLK5EjvFb0Y1eBmcI67_oLJXqv2LIBbIQckgh4bRtG_DMIoTh2HsU01dpEVSplQpWRauLemgndqe_mTZbEzk7UMTqG7uaBiFDntcDyz6APbfI8onrASHoqtqk4L0vSSBCpP8aV_8d6NoJfXFk7RPSiciiVE0ebEfpsPFzq_UvdlCgYrkxdbcrT_l-t065y9h8F1AL6tnq4BDQOPwuRx9552UHcC7teOoJ4yO9WWi_S11bVY2HtQl9LQ0yMsSzYsK1N3U3qwhRH8nX_C4BfYjEtOYisBl93Q7LSZl9rB5ydIaTUYoUq5Zm5Wf_Vt3fqfNzQ9-ggL804d79BJud_h7qPRB5zJp2joRImjQS1vB5jlM8P8oQhC0AxlPcBRJ6PktMJH2_h8vIr8HVpBXe24IfMutpmYzJlSqZT0rlomnqMve6GVrVRIZjQXd3rmgI7hUeLNVqFT9TXl7ep3WFqpc6YsX1iTZ5XiUyXwgmGs-AdgpJlnidg-BaryezvGB76AQqWu3sDP82YKuigpirg9DBkiO7Qx8jbyxR1ebWMlO5ZV7s4o3L6ZWdPe8fpy5jivN-EwLs268lE9nJCghfnVRjC4wMX3krXsbJgile53kma85AyblcQOPU5SMWG8mB02MmuT8_3ZqK_6EeNUrl2VsROU3432Dyup2Oa_fU_eLFbkBm5YBS9RZ3Qqiat4v90Z9LBANUUTzPO6pPE5QlpzcHHnRz4ZAoWPDJLB30iLKfKGfEfo72sNDahhsIWWQtU54Ovg7UkJkRgYtucbyZzfYUcF-8jjQ7BfPXiIu4WXc4eRzPe8aReDBGqcJTgKbHDRQKNzCJVh-EFooh-BA1COcsUPTDWeGzt0g8YnhYeArKqnh7mc2bqPpfLR4eKNdHoF3a_JRJ0xylvDKyiMYZRvlz4jBdHpKJ6nGA4YI" class="x1i10hfl xjbqb8w x1ejq31n x18oe1m7 x1sy0etr xstzfhl x972fbf x10w94by x1qhh985 x14e42zd x9f619 x1ypdohk xt0psk2 xe8uvvx xdj266r x14z9mp xat24cr x1lziwak xexx8yu xyri2b x18d9i69 x1c1uobl x16tdsg8 x...l2dhg xggy1nq x1a2a7pz xkrqix3 x1sur9pj xi81zsa x1s688f" href="https://web.facebook.com/groups/237442777937027/posts/1316095620071732/?comment_id=1316096263405001&amp;__cft__[0]=AZXUKDHb432u38-OEPWmuuIUdMURrkEkJtXJ39HPczx4Fim1Bu1STjsAImVOMS2xLB-iJR_PgJLa2I_90xWiLokawWH0W6VcxJD5IwqF55okt6a6oU1wBwriZYl5e2APZNNcMZJnlNE5hfcQ61xyz4tYHlpwEX9jOMZ-HUQDHKmfR4OJj41rfaczVK6gRnYok63QpZWC9_m3zPIXUsWI7B9xSQDinKN0lfJg-2_LWfD81w&amp;__tn__=R-R" role="link" tabindex="0">1h</a> is not clickable at point (305, 107). Other element would receive the click: <div class="x6s0dn4 xkh2ocl x1q0q8m5 x1qhh985 x18b5jzi x10w94by x1t7ytsu x14e42zd x13fuv20 x972fbf x9f619 x78zum5 x1q0g3np x1iyjqo2 xs83m0k x1qughib xat24cr x14z9mp x1lziwak xdj266r x2lwn1j xeuugli x18d9i69 xyri2b x1c1uobl xexx8yu x1n2onr6 x1ja2u2z">...</div>
  (Session info: chrome=138.0.7204.169)
Stacktrace:
	GetHandleVerifier [0x0x7ff69815e415+77285]
	GetHandleVerifier [0x0x7ff69815e470+77376]
	(No symbol) [0x0x7ff697f29a6a]
	(No symbol) [0x0x7ff697f883e9]
	(No symbol) [0x0x7ff697f85d8b]
	(No symbol) [0x0x7ff697f82dd1]
	(No symbol) [0x0x7ff697f81ce1]
	(No symbol) [0x0x7ff697f73458]
	(No symbol) [0x0x7ff697fa860a]
	(No symbol) [0x0x7ff697f72d06]
	(No symbol) [0x0x7ff697fa8820]
	(No symbol) [0x0x7ff697fd087f]
	(No symbol) [0x0x7ff697fa83e3]
	(No symbol) [0x0x7ff697f71521]
	(No symbol) [0x0x7ff697f722b3]
	GetHandleVerifier [0x0x7ff698441efd+3107021]
	GetHandleVerifier [0x0x7ff69843c29d+3083373]
	GetHandleVerifier [0x0x7ff69845bedd+3213485]
	GetHandleVerifier [0x0x7ff69817884e+184862]
	GetHandleVerifier [0x0x7ff69818055f+216879]
	GetHandleVerifier [0x0x7ff698167084+113236]
	GetHandleVerifier [0x0x7ff698167239+113673]
	GetHandleVerifier [0x0x7ff69814e298+11368]
	BaseThreadInitThunk [0x0x7ffb81f17374+20]
	RtlUserThreadStart [0x0x7ffb8205cc91+33]

